<?xml version="1.0" encoding="UTF-8"?>
<!-- Generated by org.testng.reporters.JUnitReportReporter -->
<testsuite hostname="MAVBCP2226" failures="0" tests="2" name="com.multiple.browser.MultipleBrowserMechanism" time="14.862" errors="0" timestamp="2022-01-15T18:40:56 IST" skipped="0">
  <testcase classname="com.multiple.browser.MultipleBrowserMechanism" name="testParameterWithXML" time="7.713"/>
  <system-out/>
  <testcase classname="com.multiple.browser.MultipleBrowserMechanism" name="testParameterWithXML" time="7.149"/>
  <system-out/>
</testsuite> <!-- com.multiple.browser.MultipleBrowserMechanism -->
