<?xml version="1.0" encoding="UTF-8"?>
<!-- Generated by org.testng.reporters.JUnitReportReporter -->
<testsuite hostname="MAVBCP2226" failures="0" tests="3" name="com.parallel.tests.ParallelMechanismTestwise" time="98.105" errors="0" timestamp="2022-01-15T14:26:16 IST" skipped="0">
  <testcase classname="com.parallel.tests.ParallelMechanismTestwise" name="executSessionOne" time="34.199"/>
  <system-out/>
  <testcase classname="com.parallel.tests.ParallelMechanismTestwise" name="executeSessionTwo" time="30.850"/>
  <system-out/>
  <testcase classname="com.parallel.tests.ParallelMechanismTestwise" name="executSessionThree" time="33.056"/>
  <system-out/>
</testsuite> <!-- com.parallel.tests.ParallelMechanismTestwise -->
